Performing C SOURCE FILE Test CMAKE_HAVE_LIBC_PTHREAD failed with the following output:
Change Dir: /home/dani/trabajo/proyectos/dabal/out/build/GCC Linux (Debug)/CMakeFiles/CMakeTmp

Run Build Command(s):/usr/bin/gmake cmTC_9f57e/fast && /usr/bin/gmake  -f CMakeFiles/cmTC_9f57e.dir/build.make CMakeFiles/cmTC_9f57e.dir/build
gmake[1]: se entra en el directorio '/home/dani/trabajo/proyectos/dabal/out/build/GCC Linux (Debug)/CMakeFiles/CMakeTmp'
Building C object CMakeFiles/cmTC_9f57e.dir/src.c.o
/bin/x86_64-linux-gnu-gcc-10   -DCMAKE_HAVE_LIBC_PTHREAD -o CMakeFiles/cmTC_9f57e.dir/src.c.o -c "/home/dani/trabajo/proyectos/dabal/out/build/GCC Linux (Debug)/CMakeFiles/CMakeTmp/src.c"
Linking C executable cmTC_9f57e
/usr/bin/cmake -E cmake_link_script CMakeFiles/cmTC_9f57e.dir/link.txt --verbose=1
/bin/x86_64-linux-gnu-gcc-10  -DCMAKE_HAVE_LIBC_PTHREAD CMakeFiles/cmTC_9f57e.dir/src.c.o -o cmTC_9f57e 
/usr/bin/ld: CMakeFiles/cmTC_9f57e.dir/src.c.o: en la función `main':
src.c:(.text+0x46): referencia a `pthread_create' sin definir
/usr/bin/ld: src.c:(.text+0x52): referencia a `pthread_detach' sin definir
/usr/bin/ld: src.c:(.text+0x5e): referencia a `pthread_cancel' sin definir
/usr/bin/ld: src.c:(.text+0x6f): referencia a `pthread_join' sin definir
collect2: error: ld returned 1 exit status
gmake[1]: *** [CMakeFiles/cmTC_9f57e.dir/build.make:106: cmTC_9f57e] Error 1
gmake[1]: se sale del directorio '/home/dani/trabajo/proyectos/dabal/out/build/GCC Linux (Debug)/CMakeFiles/CMakeTmp'
gmake: *** [Makefile:140: cmTC_9f57e/fast] Error 2


Source file was:
#include <pthread.h>

void* test_func(void* data)
{
  return data;
}

int main(void)
{
  pthread_t thread;
  pthread_create(&thread, NULL, test_func, NULL);
  pthread_detach(thread);
  pthread_cancel(thread);
  pthread_join(thread, NULL);
  pthread_atfork(NULL, NULL, NULL);
  pthread_exit(NULL);

  return 0;
}

Determining if the function pthread_create exists in the pthreads failed with the following output:
Change Dir: /home/dani/trabajo/proyectos/dabal/out/build/GCC Linux (Debug)/CMakeFiles/CMakeTmp

Run Build Command(s):/usr/bin/gmake cmTC_5339e/fast && /usr/bin/gmake  -f CMakeFiles/cmTC_5339e.dir/build.make CMakeFiles/cmTC_5339e.dir/build
gmake[1]: se entra en el directorio '/home/dani/trabajo/proyectos/dabal/out/build/GCC Linux (Debug)/CMakeFiles/CMakeTmp'
Building C object CMakeFiles/cmTC_5339e.dir/CheckFunctionExists.c.o
/bin/x86_64-linux-gnu-gcc-10   -DCHECK_FUNCTION_EXISTS=pthread_create -o CMakeFiles/cmTC_5339e.dir/CheckFunctionExists.c.o -c /usr/share/cmake-3.18/Modules/CheckFunctionExists.c
Linking C executable cmTC_5339e
/usr/bin/cmake -E cmake_link_script CMakeFiles/cmTC_5339e.dir/link.txt --verbose=1
/bin/x86_64-linux-gnu-gcc-10  -DCHECK_FUNCTION_EXISTS=pthread_create CMakeFiles/cmTC_5339e.dir/CheckFunctionExists.c.o -o cmTC_5339e  -lpthreads 
/usr/bin/ld: no se puede encontrar -lpthreads
collect2: error: ld returned 1 exit status
gmake[1]: *** [CMakeFiles/cmTC_5339e.dir/build.make:106: cmTC_5339e] Error 1
gmake[1]: se sale del directorio '/home/dani/trabajo/proyectos/dabal/out/build/GCC Linux (Debug)/CMakeFiles/CMakeTmp'
gmake: *** [Makefile:140: cmTC_5339e/fast] Error 2



