Performing C SOURCE FILE Test CMAKE_HAVE_LIBC_PTHREAD failed with the following output:
Change Dir: /home/dani/trabajo/proyectos/dabal/out/build/Clang Linux/CMakeFiles/CMakeTmp

Run Build Command(s):/usr/bin/gmake cmTC_b4b5f/fast && /usr/bin/gmake  -f CMakeFiles/cmTC_b4b5f.dir/build.make CMakeFiles/cmTC_b4b5f.dir/build
gmake[1]: se entra en el directorio '/home/dani/trabajo/proyectos/dabal/out/build/Clang Linux/CMakeFiles/CMakeTmp'
Building C object CMakeFiles/cmTC_b4b5f.dir/src.c.o
/bin/clang-11   -DCMAKE_HAVE_LIBC_PTHREAD -o CMakeFiles/cmTC_b4b5f.dir/src.c.o -c "/home/dani/trabajo/proyectos/dabal/out/build/Clang Linux/CMakeFiles/CMakeTmp/src.c"
Linking C executable cmTC_b4b5f
/usr/bin/cmake -E cmake_link_script CMakeFiles/cmTC_b4b5f.dir/link.txt --verbose=1
/bin/clang-11  -DCMAKE_HAVE_LIBC_PTHREAD CMakeFiles/cmTC_b4b5f.dir/src.c.o -o cmTC_b4b5f 
/bin/ld: CMakeFiles/cmTC_b4b5f.dir/src.c.o: en la función `main':
src.c:(.text+0x35): referencia a `pthread_create' sin definir
/bin/ld: src.c:(.text+0x41): referencia a `pthread_detach' sin definir
/bin/ld: src.c:(.text+0x4d): referencia a `pthread_cancel' sin definir
/bin/ld: src.c:(.text+0x5f): referencia a `pthread_join' sin definir
clang: error: linker command failed with exit code 1 (use -v to see invocation)
gmake[1]: *** [CMakeFiles/cmTC_b4b5f.dir/build.make:106: cmTC_b4b5f] Error 1
gmake[1]: se sale del directorio '/home/dani/trabajo/proyectos/dabal/out/build/Clang Linux/CMakeFiles/CMakeTmp'
gmake: *** [Makefile:140: cmTC_b4b5f/fast] Error 2


Source file was:
#include <pthread.h>

void* test_func(void* data)
{
  return data;
}

int main(void)
{
  pthread_t thread;
  pthread_create(&thread, NULL, test_func, NULL);
  pthread_detach(thread);
  pthread_cancel(thread);
  pthread_join(thread, NULL);
  pthread_atfork(NULL, NULL, NULL);
  pthread_exit(NULL);

  return 0;
}

Determining if the function pthread_create exists in the pthreads failed with the following output:
Change Dir: /home/dani/trabajo/proyectos/dabal/out/build/Clang Linux/CMakeFiles/CMakeTmp

Run Build Command(s):/usr/bin/gmake cmTC_b6ad0/fast && /usr/bin/gmake  -f CMakeFiles/cmTC_b6ad0.dir/build.make CMakeFiles/cmTC_b6ad0.dir/build
gmake[1]: se entra en el directorio '/home/dani/trabajo/proyectos/dabal/out/build/Clang Linux/CMakeFiles/CMakeTmp'
Building C object CMakeFiles/cmTC_b6ad0.dir/CheckFunctionExists.c.o
/bin/clang-11   -DCHECK_FUNCTION_EXISTS=pthread_create -o CMakeFiles/cmTC_b6ad0.dir/CheckFunctionExists.c.o -c /usr/share/cmake-3.18/Modules/CheckFunctionExists.c
Linking C executable cmTC_b6ad0
/usr/bin/cmake -E cmake_link_script CMakeFiles/cmTC_b6ad0.dir/link.txt --verbose=1
/bin/clang-11  -DCHECK_FUNCTION_EXISTS=pthread_create CMakeFiles/cmTC_b6ad0.dir/CheckFunctionExists.c.o -o cmTC_b6ad0  -lpthreads 
/bin/ld: no se puede encontrar -lpthreads
clang: error: linker command failed with exit code 1 (use -v to see invocation)
gmake[1]: *** [CMakeFiles/cmTC_b6ad0.dir/build.make:106: cmTC_b6ad0] Error 1
gmake[1]: se sale del directorio '/home/dani/trabajo/proyectos/dabal/out/build/Clang Linux/CMakeFiles/CMakeTmp'
gmake: *** [Makefile:140: cmTC_b6ad0/fast] Error 2



